#
# A fatal error has been detected by the Java Runtime Environment:
#
#  SIGFPE (0x8) at pc=0x000000011808b6e8, pid=6622, tid=8963
#
# JRE version: OpenJDK Runtime Environment Corretto-11.0.10.9.1 (11.0.10+9) (build 11.0.10+9-LTS)
# Java VM: OpenJDK 64-Bit Server VM Corretto-11.0.10.9.1 (11.0.10+9-LTS, mixed mode, tiered, compressed oops, g1 gc, bsd-amd64)
# Problematic frame:
# j  com.company.Main.getDurationString(I)I+29
#
# No core dump will be written. Core dumps have been disabled. To enable core dumping, try "ulimit -c unlimited" before starting Java again
#
# If you would like to submit a bug report, please visit:
#   https://github.com/corretto/corretto-11/issues/
#

---------------  S U M M A R Y ------------

Command Line: -javaagent:/Applications/IntelliJ IDEA.app/Contents/lib/idea_rt.jar=59141:/Applications/IntelliJ IDEA.app/Contents/bin -Dfile.encoding=UTF-8 com.company.Main

Host: MacBookAir10,1 x86_64 2400 MHz, 8 cores, 8G, Darwin 20.3.0
Time: Wed Mar 31 09:38:57 2021 EEST elapsed time: 0.435475 seconds (0d 0h 0m 0s)

---------------  T H R E A D  ---------------

Current thread (0x00007f9d7180b000):  JavaThread "main" [_thread_in_Java, id=8963, stack(0x0000000305f6f000,0x000000030606f000)]

Stack: [0x0000000305f6f000,0x000000030606f000],  sp=0x000000030606ea10,  free space=1022k
Native frames: (J=compiled Java code, A=aot compiled Java code, j=interpreted, Vv=VM code, C=native code)
j  com.company.Main.getDurationString(I)I+29
j  com.company.Main.main([Ljava/lang/String;)V+71
v  ~StubRoutines::call_stub
V  [libjvm.dylib+0x3bf81a]  JavaCalls::call_helper(JavaValue*, methodHandle const&, JavaCallArguments*, Thread*)+0x220
V  [libjvm.dylib+0x40341c]  jni_invoke_static(JNIEnv_*, JavaValue*, _jobject*, JNICallType, _jmethodID*, JNI_ArgumentPusher*, Thread*)+0x122
V  [libjvm.dylib+0x40623b]  jni_CallStaticVoidMethod+0x17f
C  [libjli.dylib+0x4831]  JavaMain+0xad1
C  [libjli.dylib+0x6be4]  ThreadJavaMain+0x9
C  [libsystem_pthread.dylib+0x6950]  _pthread_start+0xe0
C  [libsystem_pthread.dylib+0x247b]  thread_start+0xf


siginfo: si_signo: 8 (SIGFPE), si_code: 5 (FPE_FLTINV), si_addr: 0x000000011808b6e8

Register to memory mapping:

RAX=0x0 is NULL
RBX=0x0000000000000070 is an unknown value
RCX=0x0 is NULL
RDX=0x0 is NULL
RSP=0x000000030606ea10 is pointing into the stack for thread: 0x00007f9d7180b000
RBP=0x000000030606ea58 is pointing into the stack for thread: 0x00007f9d7180b000
RSI=0x000000030606e998 is pointing into the stack for thread: 0x00007f9d7180b000
RDI=0x0000000118080f67 is at code_begin+2343 in an Interpreter codelet
invoke return entry points  [0x0000000118080640, 0x0000000118081040]  2560 bytes
R8 =0x0000000000000042 is an unknown value
R9 =0x0000000787f0de78 is an oop: java.io.FileDescriptor 
{0x0000000787f0de78} - klass: 'java/io/FileDescriptor'
R10=0x000000010e1ea8e0: _ZN19TemplateInterpreter13_active_tableE+0x2000 in /Library/Java/JavaVirtualMachines/amazon-corretto-11.jdk/Contents/Home/lib/server/libjvm.dylib at 0x000000010d800000
R11=0x000000030606e548 is pointing into the stack for thread: 0x00007f9d7180b000
R12=0x0 is NULL
R13=0x000000012e08c64f is pointing into metadata
R14=0x000000030606ea70 is pointing into the stack for thread: 0x00007f9d7180b000
R15=0x00007f9d7180b000 is a thread


Registers:
RAX=0x0000000000000000, RBX=0x0000000000000070, RCX=0x0000000000000000, RDX=0x0000000000000000
RSP=0x000000030606ea10, RBP=0x000000030606ea58, RSI=0x000000030606e998, RDI=0x0000000118080f67
R8 =0x0000000000000042, R9 =0x0000000787f0de78, R10=0x000000010e1ea8e0, R11=0x000000030606e548
R12=0x0000000000000000, R13=0x000000012e08c64f, R14=0x000000030606ea70, R15=0x00007f9d7180b000
RIP=0x000000011808b6e8, EFLAGS=0x0000000000000a87, ERR=0x0000000000000000
  TRAPNO=0x0000000000000000

Top of Stack: (sp=0x000000030606ea10)
0x000000030606ea10:   000000030606ea10 000000012e08c645
0x000000030606ea20:   000000030606ea70 000000012e08c770
0x000000030606ea30:   0000000000000000 0000000787edd2b8
0x000000030606ea40:   000000012e08c698 0000000000000000
0x000000030606ea50:   000000030606ea70 000000030606eac0
0x000000030606ea60:   0000000118080980 0000000000000000
0x000000030606ea70:   0000000000000000 000000030606ea78
0x000000030606ea80:   000000012e08dfbf 000000030606eae8
0x000000030606ea90:   000000012e08c770 0000000000000000
0x000000030606eaa0:   0000000787edd2b8 000000012e08c040
0x000000030606eab0:   000000030606ea70 000000030606eae8
0x000000030606eac0:   000000030606eb50 0000000118077bc7
0x000000030606ead0:   4066dc28f5c28f5c 0000000000000000
0x000000030606eae0:   0000000000030d40 0000000787edd9b0
0x000000030606eaf0:   16cae51c00001fa0 000000030606ecd0
0x000000030606eb00:   000000030606ee88 0000000118077b3f
0x000000030606eb10:   00007f9d7180b000 000000012e08c040
0x000000030606eb20:   000000030606ebc8 000000030606ee90
0x000000030606eb30:   000000010000000a 000000012e08c040
0x000000030606eb40:   0000000118085180 000000030606ecd8
0x000000030606eb50:   000000030606ec30 000000010dbbf81a
0x000000030606eb60:   0000000000000001 00007f9d7180b000
0x000000030606eb70:   0000000a0606eb90 0000000118085180
0x000000030606eb80:   000000030606ee90 000000000000000f
0x000000030606eb90:   00007f9d7180b000 00007f9d7060d080
0x000000030606eba0:   00007f9d7060d450 00007f9d7060d460
0x000000030606ebb0:   00007f9d7060d538 00000000000000d8
0x000000030606ebc0:   00007f9d7060d560 00007f9d7180b000
0x000000030606ebd0:   00007f9d70504460 000000012e08c040
0x000000030606ebe0:   0000000000000000 0000000000000000
0x000000030606ebf0:   0000000000000000 0000000000000000
0x000000030606ec00:   000000030606ee88 000000030606ee88 

Instructions: (pc=0x000000011808b6e8)
0x000000011808b5e8:   f4 bb 00 0e 01 00 00 00 6e 00 00 00 00 00 00 00
0x000000011808b5f8:   00 00 00 00 00 00 00 00 f3 0f 10 04 24 48 83 c4
0x000000011808b608:   08 0f 28 c8 f3 0f 10 04 24 48 83 c4 08 f3 0f 5e
0x000000011808b618:   c1 41 0f b6 5d 01 49 ff c5 49 ba e0 b8 1e 0e 01
0x000000011808b628:   00 00 00 41 ff 24 da 90 00 00 00 00 00 00 00 00
0x000000011808b638:   00 00 00 00 00 00 00 00 60 00 00 00 00 00 00 00
0x000000011808b648:   f9 bb 00 0e 01 00 00 00 6f 00 00 00 00 00 00 00
0x000000011808b658:   00 00 00 00 00 00 00 00 f2 0f 10 04 24 48 83 c4
0x000000011808b668:   10 66 0f 28 c8 f2 0f 10 04 24 48 83 c4 10 f2 0f
0x000000011808b678:   5e c1 41 0f b6 5d 01 49 ff c5 49 ba e0 c0 1e 0e
0x000000011808b688:   01 00 00 00 41 ff 24 da 00 00 00 00 00 00 00 00
0x000000011808b698:   00 00 00 00 00 00 00 00 80 00 00 00 00 00 00 00
0x000000011808b6a8:   fe bb 00 0e 01 00 00 00 70 00 00 00 00 00 00 00
0x000000011808b6b8:   00 00 00 00 00 00 00 00 8b 04 24 48 83 c4 08 8b
0x000000011808b6c8:   c8 8b 04 24 48 83 c4 08 81 f8 00 00 00 80 0f 85
0x000000011808b6d8:   0b 00 00 00 33 d2 83 f9 ff 0f 84 03 00 00 00 99
0x000000011808b6e8:   f7 f9 8b c2 41 0f b6 5d 01 49 ff c5 49 ba e0 a8
0x000000011808b6f8:   1e 0e 01 00 00 00 41 ff 24 da 66 0f 1f 44 00 00
0x000000011808b708:   00 00 00 00 00 00 00 00 00 00 00 00 00 00 00 00
0x000000011808b718:   00 00 00 00 00 00 00 00 80 00 00 00 00 00 00 00
0x000000011808b728:   03 bc 00 0e 01 00 00 00 71 00 00 00 00 00 00 00
0x000000011808b738:   00 00 00 00 00 00 00 00 48 8b 04 24 48 83 c4 10
0x000000011808b748:   48 8b c8 48 8b 04 24 48 83 c4 10 48 85 c9 0f 84
0x000000011808b758:   13 97 ff ff 48 3b 05 6d d1 ff f5 0f 85 0c 00 00
0x000000011808b768:   00 33 d2 48 83 f9 ff 0f 84 05 00 00 00 48 99 48
0x000000011808b778:   f7 f9 48 8b c2 41 0f b6 5d 01 49 ff c5 49 ba e0
0x000000011808b788:   b0 1e 0e 01 00 00 00 41 ff 24 da 0f 1f 44 00 00
0x000000011808b798:   00 00 00 00 00 00 00 00 80 00 00 00 00 00 00 00
0x000000011808b7a8:   08 bc 00 0e 01 00 00 00 72 00 00 00 00 00 00 00
0x000000011808b7b8:   00 00 00 00 00 00 00 00 f3 0f 10 04 24 48 83 c4
0x000000011808b7c8:   08 0f 28 c8 f3 0f 10 04 24 48 83 c4 08 f7 c4 0f
0x000000011808b7d8:   00 00 00 0f 84 12 00 00 00 48 83 ec 08 e8 c6 9b 


Stack slot to memory mapping:
stack at sp + 0 slots: 0x000000030606ea10 is pointing into the stack for thread: 0x00007f9d7180b000
stack at sp + 1 slots: 0x000000012e08c645 is pointing into metadata
stack at sp + 2 slots: 0x000000030606ea70 is pointing into the stack for thread: 0x00007f9d7180b000
stack at sp + 3 slots: 0x000000012e08c770 is pointing into metadata
stack at sp + 4 slots: 0x0 is NULL
stack at sp + 5 slots: 0x0000000787edd2b8 is an oop: java.lang.Class 
{0x0000000787edd2b8} - klass: 'java/lang/Class'
stack at sp + 6 slots: {method} {0x000000012e08c698} 'getDurationString' '(I)I' in 'com/company/Main'
stack at sp + 7 slots: 0x0 is NULL

irem  112 irem  [0x000000011808b6c0, 0x000000011808b720]  96 bytes

---------------  P R O C E S S  ---------------

Threads class SMR info:
_java_thread_list=0x00007f9d70525760, length=10, elements={
0x00007f9d7180b000, 0x00007f9d70813800, 0x00007f9d7081d800, 0x00007f9d718f2800,
0x00007f9d72012000, 0x00007f9d72015000, 0x00007f9d72016000, 0x00007f9d70816800,
0x00007f9d7087d800, 0x00007f9d708de800
}

Java Threads: ( => current thread )
=>0x00007f9d7180b000 JavaThread "main" [_thread_in_Java, id=8963, stack(0x0000000305f6f000,0x000000030606f000)]
  0x00007f9d70813800 JavaThread "Reference Handler" daemon [_thread_blocked, id=16387, stack(0x0000000306684000,0x0000000306784000)]
  0x00007f9d7081d800 JavaThread "Finalizer" daemon [_thread_blocked, id=21763, stack(0x0000000306787000,0x0000000306887000)]
  0x00007f9d718f2800 JavaThread "Signal Dispatcher" daemon [_thread_blocked, id=40963, stack(0x000000030699b000,0x0000000306a9b000)]
  0x00007f9d72012000 JavaThread "Service Thread" daemon [_thread_blocked, id=24323, stack(0x0000000306a9e000,0x0000000306b9e000)]
  0x00007f9d72015000 JavaThread "C2 CompilerThread0" daemon [_thread_in_native, id=24835, stack(0x0000000306ba1000,0x0000000306ca1000)]
  0x00007f9d72016000 JavaThread "C1 CompilerThread0" daemon [_thread_blocked, id=25603, stack(0x0000000306ca4000,0x0000000306da4000)]
  0x00007f9d70816800 JavaThread "Sweeper thread" daemon [_thread_blocked, id=39427, stack(0x0000000306da7000,0x0000000306ea7000)]
  0x00007f9d7087d800 JavaThread "Common-Cleaner" daemon [_thread_blocked, id=25859, stack(0x0000000306eaa000,0x0000000306faa000)]
  0x00007f9d708de800 JavaThread "Monitor Ctrl-Break" daemon [_thread_in_native, id=37919, stack(0x0000000306fad000,0x00000003070ad000)]

Other Threads:
  0x00007f9d718ec800 VMThread "VM Thread" [stack: 0x0000000306581000,0x0000000306681000] [id=17411]
  0x00007f9d710a9000 WatcherThread [stack: 0x00000003070b0000,0x00000003071b0000] [id=36891]
  0x00007f9d7180c800 GCTaskThread "GC Thread#0" [stack: 0x0000000306072000,0x0000000306172000] [id=19971]
  0x00007f9d71832800 ConcurrentGCThread "G1 Main Marker" [stack: 0x0000000306175000,0x0000000306275000] [id=19459]
  0x00007f9d71833800 ConcurrentGCThread "G1 Conc#0" [stack: 0x0000000306278000,0x0000000306378000] [id=18691]
  0x00007f9d71894000 ConcurrentGCThread "G1 Refine#0" [stack: 0x000000030637b000,0x000000030647b000] [id=18435]
  0x00007f9d71895000 ConcurrentGCThread "G1 Young RemSet Sampling" [stack: 0x000000030647e000,0x000000030657e000] [id=17923]

Threads with active compile tasks:
C2 CompilerThread0    449  498       4       jdk.internal.org.objectweb.asm.Frame::execute (2264 bytes)

VM state:not at safepoint (normal execution)

VM Mutex/Monitor currently owned by a thread: None

Heap address: 0x0000000780000000, size: 2048 MB, Compressed Oops mode: Zero based, Oop shift amount: 3
Narrow klass base: 0x0000000800000000, Narrow klass shift: 0
Compressed class space size: 1073741824 Address: 0x0000000800000000

Heap:
 garbage-first heap   total 131072K, used 5120K [0x0000000780000000, 0x0000000800000000)
  region size 1024K, 6 young (6144K), 0 survivors (0K)
 Metaspace       used 7202K, capacity 7384K, committed 7424K, reserved 1056768K
  class space    used 675K, capacity 764K, committed 768K, reserved 1048576K
Heap Regions: E=young(eden), S=young(survivor), O=old, HS=humongous(starts), HC=humongous(continues), CS=collection set, F=free, A=archive, TAMS=top-at-mark-start (previous, next)
|   0|0x0000000780000000, 0x0000000780000000, 0x0000000780100000|  0%| F|  |TAMS 0x0000000780000000, 0x0000000780000000| Untracked 
|   1|0x0000000780100000, 0x0000000780100000, 0x0000000780200000|  0%| F|  |TAMS 0x0000000780100000, 0x0000000780100000| Untracked 
|   2|0x0000000780200000, 0x0000000780200000, 0x0000000780300000|  0%| F|  |TAMS 0x0000000780200000, 0x0000000780200000| Untracked 
|   3|0x0000000780300000, 0x0000000780300000, 0x0000000780400000|  0%| F|  |TAMS 0x0000000780300000, 0x0000000780300000| Untracked 
|   4|0x0000000780400000, 0x0000000780400000, 0x0000000780500000|  0%| F|  |TAMS 0x0000000780400000, 0x0000000780400000| Untracked 
|   5|0x0000000780500000, 0x0000000780500000, 0x0000000780600000|  0%| F|  |TAMS 0x0000000780500000, 0x0000000780500000| Untracked 
|   6|0x0000000780600000, 0x0000000780600000, 0x0000000780700000|  0%| F|  |TAMS 0x0000000780600000, 0x0000000780600000| Untracked 
|   7|0x0000000780700000, 0x0000000780700000, 0x0000000780800000|  0%| F|  |TAMS 0x0000000780700000, 0x0000000780700000| Untracked 
|   8|0x0000000780800000, 0x0000000780800000, 0x0000000780900000|  0%| F|  |TAMS 0x0000000780800000, 0x0000000780800000| Untracked 
|   9|0x0000000780900000, 0x0000000780900000, 0x0000000780a00000|  0%| F|  |TAMS 0x0000000780900000, 0x0000000780900000| Untracked 
|  10|0x0000000780a00000, 0x0000000780a00000, 0x0000000780b00000|  0%| F|  |TAMS 0x0000000780a00000, 0x0000000780a00000| Untracked 
|  11|0x0000000780b00000, 0x0000000780b00000, 0x0000000780c00000|  0%| F|  |TAMS 0x0000000780b00000, 0x0000000780b00000| Untracked 
|  12|0x0000000780c00000, 0x0000000780c00000, 0x0000000780d00000|  0%| F|  |TAMS 0x0000000780c00000, 0x0000000780c00000| Untracked 
|  13|0x0000000780d00000, 0x0000000780d00000, 0x0000000780e00000|  0%| F|  |TAMS 0x0000000780d00000, 0x0000000780d00000| Untracked 
|  14|0x0000000780e00000, 0x0000000780e00000, 0x0000000780f00000|  0%| F|  |TAMS 0x0000000780e00000, 0x0000000780e00000| Untracked 
|  15|0x0000000780f00000, 0x0000000780f00000, 0x0000000781000000|  0%| F|  |TAMS 0x0000000780f00000, 0x0000000780f00000| Untracked 
|  16|0x0000000781000000, 0x0000000781000000, 0x0000000781100000|  0%| F|  |TAMS 0x0000000781000000, 0x0000000781000000| Untracked 
|  17|0x0000000781100000, 0x0000000781100000, 0x0000000781200000|  0%| F|  |TAMS 0x0000000781100000, 0x0000000781100000| Untracked 
|  18|0x0000000781200000, 0x0000000781200000, 0x0000000781300000|  0%| F|  |TAMS 0x0000000781200000, 0x0000000781200000| Untracked 
|  19|0x0000000781300000, 0x0000000781300000, 0x0000000781400000|  0%| F|  |TAMS 0x0000000781300000, 0x0000000781300000| Untracked 
|  20|0x0000000781400000, 0x0000000781400000, 0x0000000781500000|  0%| F|  |TAMS 0x0000000781400000, 0x0000000781400000| Untracked 
|  21|0x0000000781500000, 0x0000000781500000, 0x0000000781600000|  0%| F|  |TAMS 0x0000000781500000, 0x0000000781500000| Untracked 
|  22|0x0000000781600000, 0x0000000781600000, 0x0000000781700000|  0%| F|  |TAMS 0x0000000781600000, 0x0000000781600000| Untracked 
|  23|0x0000000781700000, 0x0000000781700000, 0x0000000781800000|  0%| F|  |TAMS 0x0000000781700000, 0x0000000781700000| Untracked 
|  24|0x0000000781800000, 0x0000000781800000, 0x0000000781900000|  0%| F|  |TAMS 0x0000000781800000, 0x0000000781800000| Untracked 
|  25|0x0000000781900000, 0x0000000781900000, 0x0000000781a00000|  0%| F|  |TAMS 0x0000000781900000, 0x0000000781900000| Untracked 
|  26|0x0000000781a00000, 0x0000000781a00000, 0x0000000781b00000|  0%| F|  |TAMS 0x0000000781a00000, 0x0000000781a00000| Untracked 
|  27|0x0000000781b00000, 0x0000000781b00000, 0x0000000781c00000|  0%| F|  |TAMS 0x0000000781b00000, 0x0000000781b00000| Untracked 
|  28|0x0000000781c00000, 0x0000000781c00000, 0x0000000781d00000|  0%| F|  |TAMS 0x0000000781c00000, 0x0000000781c00000| Untracked 
|  29|0x0000000781d00000, 0x0000000781d00000, 0x0000000781e00000|  0%| F|  |TAMS 0x0000000781d00000, 0x0000000781d00000| Untracked 
|  30|0x0000000781e00000, 0x0000000781e00000, 0x0000000781f00000|  0%| F|  |TAMS 0x0000000781e00000, 0x0000000781e00000| Untracked 
|  31|0x0000000781f00000, 0x0000000781f00000, 0x0000000782000000|  0%| F|  |TAMS 0x0000000781f00000, 0x0000000781f00000| Untracked 
|  32|0x0000000782000000, 0x0000000782000000, 0x0000000782100000|  0%| F|  |TAMS 0x0000000782000000, 0x0000000782000000| Untracked 
|  33|0x0000000782100000, 0x0000000782100000, 0x0000000782200000|  0%| F|  |TAMS 0x0000000782100000, 0x0000000782100000| Untracked 
|  34|0x0000000782200000, 0x0000000782200000, 0x0000000782300000|  0%| F|  |TAMS 0x0000000782200000, 0x0000000782200000| Untracked 
|  35|0x0000000782300000, 0x0000000782300000, 0x0000000782400000|  0%| F|  |TAMS 0x0000000782300000, 0x0000000782300000| Untracked 
|  36|0x0000000782400000, 0x0000000782400000, 0x0000000782500000|  0%| F|  |TAMS 0x0000000782400000, 0x0000000782400000| Untracked 
|  37|0x0000000782500000, 0x0000000782500000, 0x0000000782600000|  0%| F|  |TAMS 0x0000000782500000, 0x0000000782500000| Untracked 
|  38|0x0000000782600000, 0x0000000782600000, 0x0000000782700000|  0%| F|  |TAMS 0x0000000782600000, 0x0000000782600000| Untracked 
|  39|0x0000000782700000, 0x0000000782700000, 0x0000000782800000|  0%| F|  |TAMS 0x0000000782700000, 0x0000000782700000| Untracked 
|  40|0x0000000782800000, 0x0000000782800000, 0x0000000782900000|  0%| F|  |TAMS 0x0000000782800000, 0x0000000782800000| Untracked 
|  41|0x0000000782900000, 0x0000000782900000, 0x0000000782a00000|  0%| F|  |TAMS 0x0000000782900000, 0x0000000782900000| Untracked 
|  42|0x0000000782a00000, 0x0000000782a00000, 0x0000000782b00000|  0%| F|  |TAMS 0x0000000782a00000, 0x0000000782a00000| Untracked 
|  43|0x0000000782b00000, 0x0000000782b00000, 0x0000000782c00000|  0%| F|  |TAMS 0x0000000782b00000, 0x0000000782b00000| Untracked 
|  44|0x0000000782c00000, 0x0000000782c00000, 0x0000000782d00000|  0%| F|  |TAMS 0x0000000782c00000, 0x0000000782c00000| Untracked 
|  45|0x0000000782d00000, 0x0000000782d00000, 0x0000000782e00000|  0%| F|  |TAMS 0x0000000782d00000, 0x0000000782d00000| Untracked 
|  46|0x0000000782e00000, 0x0000000782e00000, 0x0000000782f00000|  0%| F|  |TAMS 0x0000000782e00000, 0x0000000782e00000| Untracked 
|  47|0x0000000782f00000, 0x0000000782f00000, 0x0000000783000000|  0%| F|  |TAMS 0x0000000782f00000, 0x0000000782f00000| Untracked 
|  48|0x0000000783000000, 0x0000000783000000, 0x0000000783100000|  0%| F|  |TAMS 0x0000000783000000, 0x0000000783000000| Untracked 
|  49|0x0000000783100000, 0x0000000783100000, 0x0000000783200000|  0%| F|  |TAMS 0x0000000783100000, 0x0000000783100000| Untracked 
|  50|0x0000000783200000, 0x0000000783200000, 0x0000000783300000|  0%| F|  |TAMS 0x0000000783200000, 0x0000000783200000| Untracked 
|  51|0x0000000783300000, 0x0000000783300000, 0x0000000783400000|  0%| F|  |TAMS 0x0000000783300000, 0x0000000783300000| Untracked 
|  52|0x0000000783400000, 0x0000000783400000, 0x0000000783500000|  0%| F|  |TAMS 0x0000000783400000, 0x0000000783400000| Untracked 
|  53|0x0000000783500000, 0x0000000783500000, 0x0000000783600000|  0%| F|  |TAMS 0x0000000783500000, 0x0000000783500000| Untracked 
|  54|0x0000000783600000, 0x0000000783600000, 0x0000000783700000|  0%| F|  |TAMS 0x0000000783600000, 0x0000000783600000| Untracked 
|  55|0x0000000783700000, 0x0000000783700000, 0x0000000783800000|  0%| F|  |TAMS 0x0000000783700000, 0x0000000783700000| Untracked 
|  56|0x0000000783800000, 0x0000000783800000, 0x0000000783900000|  0%| F|  |TAMS 0x0000000783800000, 0x0000000783800000| Untracked 
|  57|0x0000000783900000, 0x0000000783900000, 0x0000000783a00000|  0%| F|  |TAMS 0x0000000783900000, 0x0000000783900000| Untracked 
|  58|0x0000000783a00000, 0x0000000783a00000, 0x0000000783b00000|  0%| F|  |TAMS 0x0000000783a00000, 0x0000000783a00000| Untracked 
|  59|0x0000000783b00000, 0x0000000783b00000, 0x0000000783c00000|  0%| F|  |TAMS 0x0000000783b00000, 0x0000000783b00000| Untracked 
|  60|0x0000000783c00000, 0x0000000783c00000, 0x0000000783d00000|  0%| F|  |TAMS 0x0000000783c00000, 0x0000000783c00000| Untracked 
|  61|0x0000000783d00000, 0x0000000783d00000, 0x0000000783e00000|  0%| F|  |TAMS 0x0000000783d00000, 0x0000000783d00000| Untracked 
|  62|0x0000000783e00000, 0x0000000783e00000, 0x0000000783f00000|  0%| F|  |TAMS 0x0000000783e00000, 0x0000000783e00000| Untracked 
|  63|0x0000000783f00000, 0x0000000783f00000, 0x0000000784000000|  0%| F|  |TAMS 0x0000000783f00000, 0x0000000783f00000| Untracked 
|  64|0x0000000784000000, 0x0000000784000000, 0x0000000784100000|  0%| F|  |TAMS 0x0000000784000000, 0x0000000784000000| Untracked 
|  65|0x0000000784100000, 0x0000000784100000, 0x0000000784200000|  0%| F|  |TAMS 0x0000000784100000, 0x0000000784100000| Untracked 
|  66|0x0000000784200000, 0x0000000784200000, 0x0000000784300000|  0%| F|  |TAMS 0x0000000784200000, 0x0000000784200000| Untracked 
|  67|0x0000000784300000, 0x0000000784300000, 0x0000000784400000|  0%| F|  |TAMS 0x0000000784300000, 0x0000000784300000| Untracked 
|  68|0x0000000784400000, 0x0000000784400000, 0x0000000784500000|  0%| F|  |TAMS 0x0000000784400000, 0x0000000784400000| Untracked 
|  69|0x0000000784500000, 0x0000000784500000, 0x0000000784600000|  0%| F|  |TAMS 0x0000000784500000, 0x0000000784500000| Untracked 
|  70|0x0000000784600000, 0x0000000784600000, 0x0000000784700000|  0%| F|  |TAMS 0x0000000784600000, 0x0000000784600000| Untracked 
|  71|0x0000000784700000, 0x0000000784700000, 0x0000000784800000|  0%| F|  |TAMS 0x0000000784700000, 0x0000000784700000| Untracked 
|  72|0x0000000784800000, 0x0000000784800000, 0x0000000784900000|  0%| F|  |TAMS 0x0000000784800000, 0x0000000784800000| Untracked 
|  73|0x0000000784900000, 0x0000000784900000, 0x0000000784a00000|  0%| F|  |TAMS 0x0000000784900000, 0x0000000784900000| Untracked 
|  74|0x0000000784a00000, 0x0000000784a00000, 0x0000000784b00000|  0%| F|  |TAMS 0x0000000784a00000, 0x0000000784a00000| Untracked 
|  75|0x0000000784b00000, 0x0000000784b00000, 0x0000000784c00000|  0%| F|  |TAMS 0x0000000784b00000, 0x0000000784b00000| Untracked 
|  76|0x0000000784c00000, 0x0000000784c00000, 0x0000000784d00000|  0%| F|  |TAMS 0x0000000784c00000, 0x0000000784c00000| Untracked 
|  77|0x0000000784d00000, 0x0000000784d00000, 0x0000000784e00000|  0%| F|  |TAMS 0x0000000784d00000, 0x0000000784d00000| Untracked 
|  78|0x0000000784e00000, 0x0000000784e00000, 0x0000000784f00000|  0%| F|  |TAMS 0x0000000784e00000, 0x0000000784e00000| Untracked 
|  79|0x0000000784f00000, 0x0000000784f00000, 0x0000000785000000|  0%| F|  |TAMS 0x0000000784f00000, 0x0000000784f00000| Untracked 
|  80|0x0000000785000000, 0x0000000785000000, 0x0000000785100000|  0%| F|  |TAMS 0x0000000785000000, 0x0000000785000000| Untracked 
|  81|0x0000000785100000, 0x0000000785100000, 0x0000000785200000|  0%| F|  |TAMS 0x0000000785100000, 0x0000000785100000| Untracked 
|  82|0x0000000785200000, 0x0000000785200000, 0x0000000785300000|  0%| F|  |TAMS 0x0000000785200000, 0x0000000785200000| Untracked 
|  83|0x0000000785300000, 0x0000000785300000, 0x0000000785400000|  0%| F|  |TAMS 0x0000000785300000, 0x0000000785300000| Untracked 
|  84|0x0000000785400000, 0x0000000785400000, 0x0000000785500000|  0%| F|  |TAMS 0x0000000785400000, 0x0000000785400000| Untracked 
|  85|0x0000000785500000, 0x0000000785500000, 0x0000000785600000|  0%| F|  |TAMS 0x0000000785500000, 0x0000000785500000| Untracked 
|  86|0x0000000785600000, 0x0000000785600000, 0x0000000785700000|  0%| F|  |TAMS 0x0000000785600000, 0x0000000785600000| Untracked 
|  87|0x0000000785700000, 0x0000000785700000, 0x0000000785800000|  0%| F|  |TAMS 0x0000000785700000, 0x0000000785700000| Untracked 
|  88|0x0000000785800000, 0x0000000785800000, 0x0000000785900000|  0%| F|  |TAMS 0x0000000785800000, 0x0000000785800000| Untracked 
|  89|0x0000000785900000, 0x0000000785900000, 0x0000000785a00000|  0%| F|  |TAMS 0x0000000785900000, 0x0000000785900000| Untracked 
|  90|0x0000000785a00000, 0x0000000785a00000, 0x0000000785b00000|  0%| F|  |TAMS 0x0000000785a00000, 0x0000000785a00000| Untracked 
|  91|0x0000000785b00000, 0x0000000785b00000, 0x0000000785c00000|  0%| F|  |TAMS 0x0000000785b00000, 0x0000000785b00000| Untracked 
|  92|0x0000000785c00000, 0x0000000785c00000, 0x0000000785d00000|  0%| F|  |TAMS 0x0000000785c00000, 0x0000000785c00000| Untracked 
|  93|0x0000000785d00000, 0x0000000785d00000, 0x0000000785e00000|  0%| F|  |TAMS 0x0000000785d00000, 0x0000000785d00000| Untracked 
|  94|0x0000000785e00000, 0x0000000785e00000, 0x0000000785f00000|  0%| F|  |TAMS 0x0000000785e00000, 0x0000000785e00000| Untracked 
|  95|0x0000000785f00000, 0x0000000785f00000, 0x0000000786000000|  0%| F|  |TAMS 0x0000000785f00000, 0x0000000785f00000| Untracked 
|  96|0x0000000786000000, 0x0000000786000000, 0x0000000786100000|  0%| F|  |TAMS 0x0000000786000000, 0x0000000786000000| Untracked 
|  97|0x0000000786100000, 0x0000000786100000, 0x0000000786200000|  0%| F|  |TAMS 0x0000000786100000, 0x0000000786100000| Untracked 
|  98|0x0000000786200000, 0x0000000786200000, 0x0000000786300000|  0%| F|  |TAMS 0x0000000786200000, 0x0000000786200000| Untracked 
|  99|0x0000000786300000, 0x0000000786300000, 0x0000000786400000|  0%| F|  |TAMS 0x0000000786300000, 0x0000000786300000| Untracked 
| 100|0x0000000786400000, 0x0000000786400000, 0x0000000786500000|  0%| F|  |TAMS 0x0000000786400000, 0x0000000786400000| Untracked 
| 101|0x0000000786500000, 0x0000000786500000, 0x0000000786600000|  0%| F|  |TAMS 0x0000000786500000, 0x0000000786500000| Untracked 
| 102|0x0000000786600000, 0x0000000786600000, 0x0000000786700000|  0%| F|  |TAMS 0x0000000786600000, 0x0000000786600000| Untracked 
| 103|0x0000000786700000, 0x0000000786700000, 0x0000000786800000|  0%| F|  |TAMS 0x0000000786700000, 0x0000000786700000| Untracked 
| 104|0x0000000786800000, 0x0000000786800000, 0x0000000786900000|  0%| F|  |TAMS 0x0000000786800000, 0x0000000786800000| Untracked 
| 105|0x0000000786900000, 0x0000000786900000, 0x0000000786a00000|  0%| F|  |TAMS 0x0000000786900000, 0x0000000786900000| Untracked 
| 106|0x0000000786a00000, 0x0000000786a00000, 0x0000000786b00000|  0%| F|  |TAMS 0x0000000786a00000, 0x0000000786a00000| Untracked 
| 107|0x0000000786b00000, 0x0000000786b00000, 0x0000000786c00000|  0%| F|  |TAMS 0x0000000786b00000, 0x0000000786b00000| Untracked 
| 108|0x0000000786c00000, 0x0000000786c00000, 0x0000000786d00000|  0%| F|  |TAMS 0x0000000786c00000, 0x0000000786c00000| Untracked 
| 109|0x0000000786d00000, 0x0000000786d00000, 0x0000000786e00000|  0%| F|  |TAMS 0x0000000786d00000, 0x0000000786d00000| Untracked 
| 110|0x0000000786e00000, 0x0000000786e00000, 0x0000000786f00000|  0%| F|  |TAMS 0x0000000786e00000, 0x0000000786e00000| Untracked 
| 111|0x0000000786f00000, 0x0000000786f00000, 0x0000000787000000|  0%| F|  |TAMS 0x0000000786f00000, 0x0000000786f00000| Untracked 
| 112|0x0000000787000000, 0x0000000787000000, 0x0000000787100000|  0%| F|  |TAMS 0x0000000787000000, 0x0000000787000000| Untracked 
| 113|0x0000000787100000, 0x0000000787100000, 0x0000000787200000|  0%| F|  |TAMS 0x0000000787100000, 0x0000000787100000| Untracked 
| 114|0x0000000787200000, 0x0000000787200000, 0x0000000787300000|  0%| F|  |TAMS 0x0000000787200000, 0x0000000787200000| Untracked 
| 115|0x0000000787300000, 0x0000000787300000, 0x0000000787400000|  0%| F|  |TAMS 0x0000000787300000, 0x0000000787300000| Untracked 
| 116|0x0000000787400000, 0x0000000787400000, 0x0000000787500000|  0%| F|  |TAMS 0x0000000787400000, 0x0000000787400000| Untracked 
| 117|0x0000000787500000, 0x0000000787500000, 0x0000000787600000|  0%| F|  |TAMS 0x0000000787500000, 0x0000000787500000| Untracked 
| 118|0x0000000787600000, 0x0000000787600000, 0x0000000787700000|  0%| F|  |TAMS 0x0000000787600000, 0x0000000787600000| Untracked 
| 119|0x0000000787700000, 0x0000000787700000, 0x0000000787800000|  0%| F|  |TAMS 0x0000000787700000, 0x0000000787700000| Untracked 
| 120|0x0000000787800000, 0x0000000787800000, 0x0000000787900000|  0%| F|  |TAMS 0x0000000787800000, 0x0000000787800000| Untracked 
| 121|0x0000000787900000, 0x0000000787900000, 0x0000000787a00000|  0%| F|  |TAMS 0x0000000787900000, 0x0000000787900000| Untracked 
| 122|0x0000000787a00000, 0x0000000787a7b630, 0x0000000787b00000| 48%| E|  |TAMS 0x0000000787a00000, 0x0000000787a00000| Complete 
| 123|0x0000000787b00000, 0x0000000787c00000, 0x0000000787c00000|100%| E|CS|TAMS 0x0000000787b00000, 0x0000000787b00000| Complete 
| 124|0x0000000787c00000, 0x0000000787d00000, 0x0000000787d00000|100%| E|CS|TAMS 0x0000000787c00000, 0x0000000787c00000| Complete 
| 125|0x0000000787d00000, 0x0000000787e00000, 0x0000000787e00000|100%| E|CS|TAMS 0x0000000787d00000, 0x0000000787d00000| Complete 
| 126|0x0000000787e00000, 0x0000000787f00000, 0x0000000787f00000|100%| E|CS|TAMS 0x0000000787e00000, 0x0000000787e00000| Complete 
| 127|0x0000000787f00000, 0x0000000788000000, 0x0000000788000000|100%| E|CS|TAMS 0x0000000787f00000, 0x0000000787f00000| Complete 

Card table byte_map: [0x0000000127477000,0x0000000127877000] _byte_map_base: 0x0000000123877000

Marking Bits (Prev, Next): (CMBitMap*) 0x00007f9d71829e18, (CMBitMap*) 0x00007f9d71829e50
 Prev Bits: [0x0000000127c77000, 0x0000000129c77000)
 Next Bits: [0x0000000129c77000, 0x000000012bc77000)

Polling page: 0x0000000100dee000

Metaspace:

Usage:
  Non-class:      6.46 MB capacity,     6.37 MB ( 99%) used,    74.78 KB (  1%) free+waste,    18.50 KB ( <1%) overhead. 
      Class:    764.00 KB capacity,   675.84 KB ( 88%) used,    78.29 KB ( 10%) free+waste,     9.88 KB (  1%) overhead. 
       Both:      7.21 MB capacity,     7.03 MB ( 98%) used,   153.07 KB (  2%) free+waste,    28.38 KB ( <1%) overhead. 

Virtual space:
  Non-class space:        8.00 MB reserved,       6.50 MB ( 81%) committed 
      Class space:        1.00 GB reserved,     768.00 KB ( <1%) committed 
             Both:        1.01 GB reserved,       7.25 MB ( <1%) committed 

Chunk freelists:
   Non-Class:  0 bytes
       Class:  0 bytes
        Both:  0 bytes

MaxMetaspaceSize: unlimited
CompressedClassSpaceSize: 1.00 GB

CodeHeap 'non-profiled nmethods': size=120032Kb used=137Kb max_used=137Kb free=119894Kb
 bounds [0x000000011fb3f000, 0x000000011fdaf000, 0x0000000127077000]
CodeHeap 'profiled nmethods': size=120028Kb used=788Kb max_used=788Kb free=119239Kb
 bounds [0x0000000118608000, 0x0000000118878000, 0x000000011fb3f000]
CodeHeap 'non-nmethods': size=5700Kb used=1059Kb max_used=1075Kb free=4640Kb
 bounds [0x0000000118077000, 0x00000001182e7000, 0x0000000118608000]
 total_blobs=893 nmethods=521 adapters=286
 compilation: enabled
              stopped_count=0, restarted_count=0
 full_count=0

Compilation events (20 events):
Event: 0.428 Thread 0x00007f9d72016000 nmethod 507 0x00000001186c2910 code [0x00000001186c2ae0, 0x00000001186c2d70]
Event: 0.428 Thread 0x00007f9d72016000  508       3       java.util.ArrayList::iterator (9 bytes)
Event: 0.428 Thread 0x00007f9d72016000 nmethod 508 0x00000001186c2e90 code [0x00000001186c3060, 0x00000001186c32f0]
Event: 0.428 Thread 0x00007f9d72016000  509       3       java.util.ArrayList$Itr::<init> (26 bytes)
Event: 0.428 Thread 0x00007f9d72016000 nmethod 509 0x00000001186c3410 code [0x00000001186c35c0, 0x00000001186c3790]
Event: 0.428 Thread 0x00007f9d72016000  510       3       java.lang.invoke.LambdaFormBuffer::clearDuplicatesAndNulls (268 bytes)
Event: 0.429 Thread 0x00007f9d72016000 nmethod 510 0x00000001186c3890 code [0x00000001186c3b40, 0x00000001186c4ab0]
Event: 0.429 Thread 0x00007f9d72016000  511       3       java.lang.invoke.InvokerBytecodeGenerator::<init> (80 bytes)
Event: 0.429 Thread 0x00007f9d72016000 nmethod 511 0x00000001186c4f90 code [0x00000001186c5180, 0x00000001186c5520]
Event: 0.429 Thread 0x00007f9d72016000  513       3       jdk.internal.org.objectweb.asm.AnnotationWriter::visitEnd (43 bytes)
Event: 0.430 Thread 0x00007f9d72016000 nmethod 513 0x00000001186c5790 code [0x00000001186c5940, 0x00000001186c5ad0]
Event: 0.430 Thread 0x00007f9d72016000  512       3       jdk.internal.org.objectweb.asm.AnnotationVisitor::<init> (35 bytes)
Event: 0.430 Thread 0x00007f9d72016000 nmethod 512 0x00000001186c5c10 code [0x00000001186c5de0, 0x00000001186c60e0]
Event: 0.430 Thread 0x00007f9d72016000  514       3       jdk.internal.org.objectweb.asm.Label::resolve (214 bytes)
Event: 0.430 Thread 0x00007f9d72016000 nmethod 514 0x00000001186c6210 code [0x00000001186c6400, 0x00000001186c68b0]
Event: 0.431 Thread 0x00007f9d72016000  517       3       java.lang.invoke.MemberName::flagsMods (72 bytes)
Event: 0.431 Thread 0x00007f9d72016000 nmethod 517 0x00000001186c6b90 code [0x00000001186c6d40, 0x00000001186c6e50]
Event: 0.431 Thread 0x00007f9d72016000  518       3       java.lang.invoke.MemberName::init (66 bytes)
Event: 0.431 Thread 0x00007f9d72016000 nmethod 518 0x00000001186c6f10 code [0x00000001186c70c0, 0x00000001186c7310]
Event: 0.431 Thread 0x00007f9d72016000  516       3       java.lang.invoke.MethodHandles$Lookup::checkAccess (226 bytes)

GC Heap History (0 events):
No events

Deoptimization events (0 events):
No events

Classes redefined (0 events):
No events

Internal exceptions (10 events):
Event: 0.349 Thread 0x00007f9d7180b000 Exception <a 'java/lang/NoSuchMethodError'{0x0000000787c172c8}: 'java.lang.Object java.lang.invoke.Invokers$Holder.linkToTargetMethod(java.lang.Object, int, java.lang.Object)'> (0x0000000787c172c8) thrown at [./src/hotspot/share/interpreter/linkResolver.cpp, line 773]
Event: 0.381 Thread 0x00007f9d7180b000 Exception <a 'java/lang/NoSuchMethodError'{0x0000000787cc23f8}: 'java.lang.Object java.lang.invoke.DirectMethodHandle$Holder.invokeStatic(java.lang.Object, java.lang.Object, java.lang.Object, java.lang.Object, java.lang.Object, java.lang.Object, java.lang.Object, java.lang.Object, java.lang.Object, java.lang.Object, java.lang.Object, java.lang.Object, java.lang.Object, java.lang.Object, java.lang.Object)'> (0x0000000787cc23f8) thrown at [./src/hotspot/share/interpreter/linkResolver.cpp, line 773]
Event: 0.386 Thread 0x00007f9d7180b000 Exception <a 'java/lang/NoSuchMethodError'{0x0000000787cd6cd8}: 'java.lang.Object java.lang.invoke.DirectMethodHandle$Holder.invokeStatic(java.lang.Object, java.lang.Object, java.lang.Object, java.lang.Object, java.lang.Object, java.lang.Object, java.lang.Object, java.lang.Object, java.lang.Object, java.lang.Object, java.lang.Object, java.lang.Object, java.lang.Object, java.lang.Object, java.lang.Object, java.lang.Object)'> (0x0000000787cd6cd8) thrown at [./src/hotspot/share/interpreter/linkResolver.cpp, l
Event: 0.391 Thread 0x00007f9d7180b000 Exception <a 'java/lang/NoSuchMethodError'{0x0000000787ce4a38}: 'java.lang.Object java.lang.invoke.DirectMethodHandle$Holder.invokeSpecial(java.lang.Object, java.lang.Object, int, int, int, java.lang.Object, java.lang.Object, java.lang.Object)'> (0x0000000787ce4a38) thrown at [./src/hotspot/share/interpreter/linkResolver.cpp, line 773]
Event: 0.391 Thread 0x00007f9d7180b000 Exception <a 'java/lang/NoSuchMethodError'{0x0000000787ce7dd0}: 'java.lang.Object java.lang.invoke.DelegatingMethodHandle$Holder.reinvoke_L(java.lang.Object, int, int, int, java.lang.Object, java.lang.Object, java.lang.Object)'> (0x0000000787ce7dd0) thrown at [./src/hotspot/share/interpreter/linkResolver.cpp, line 773]
Event: 0.393 Thread 0x00007f9d7180b000 Exception <a 'java/lang/NoSuchMethodError'{0x0000000787cef308}: 'java.lang.Object java.lang.invoke.DirectMethodHandle$Holder.invokeStatic(java.lang.Object, java.lang.Object, java.lang.Object, java.lang.Object, java.lang.Object, int)'> (0x0000000787cef308) thrown at [./src/hotspot/share/interpreter/linkResolver.cpp, line 773]
Event: 0.426 Thread 0x00007f9d7180b000 Exception <a 'java/lang/NoSuchMethodError'{0x0000000787bcb870}: 'java.lang.Object java.lang.invoke.DirectMethodHandle$Holder.invokeSpecial(java.lang.Object, java.lang.Object, int, int, int, int, int, int)'> (0x0000000787bcb870) thrown at [./src/hotspot/share/interpreter/linkResolver.cpp, line 773]
Event: 0.426 Thread 0x00007f9d7180b000 Exception <a 'java/lang/NoSuchMethodError'{0x0000000787bce900}: 'java.lang.Object java.lang.invoke.DelegatingMethodHandle$Holder.reinvoke_L(java.lang.Object, int, int, int, int, int, int)'> (0x0000000787bce900) thrown at [./src/hotspot/share/interpreter/linkResolver.cpp, line 773]
Event: 0.431 Thread 0x00007f9d7180b000 Exception <a 'java/lang/NoSuchMethodError'{0x0000000787a1dc48}: 'java.lang.Object java.lang.invoke.DirectMethodHandle$Holder.invokeStatic(java.lang.Object, java.lang.Object, java.lang.Object, java.lang.Object, java.lang.Object, java.lang.Object, java.lang.Object, java.lang.Object, java.lang.Object, java.lang.Object, java.lang.Object, java.lang.Object, java.lang.Object, int)'> (0x0000000787a1dc48) thrown at [./src/hotspot/share/interpreter/linkResolver.cpp, line 773]
Event: 0.432 Thread 0x00007f9d7180b000 Exception <a 'java/lang/NoSuchMethodError'{0x0000000787a29fc0}: 'java.lang.Object java.lang.invoke.DirectMethodHandle$Holder.invokeStatic(java.lang.Object, java.lang.Object, java.lang.Object, java.lang.Object, java.lang.Object, java.lang.Object, java.lang.Object, java.lang.Object, java.lang.Object, java.lang.Object, java.lang.Object, java.lang.Object, java.lang.Object, int, int)'> (0x0000000787a29fc0) thrown at [./src/hotspot/share/interpreter/linkResolver.cpp, line 773]

Events (20 events):
Event: 0.416 loading class jdk/internal/math/FloatingDecimal
Event: 0.416 loading class jdk/internal/math/FloatingDecimal done
Event: 0.416 loading class jdk/internal/math/FloatingDecimal$ExceptionalBinaryToASCIIBuffer
Event: 0.416 loading class jdk/internal/math/FloatingDecimal$BinaryToASCIIConverter
Event: 0.416 loading class jdk/internal/math/FloatingDecimal$BinaryToASCIIConverter done
Event: 0.416 loading class jdk/internal/math/FloatingDecimal$ExceptionalBinaryToASCIIBuffer done
Event: 0.416 loading class jdk/internal/math/FloatingDecimal$BinaryToASCIIBuffer
Event: 0.416 loading class jdk/internal/math/FloatingDecimal$BinaryToASCIIBuffer done
Event: 0.416 loading class jdk/internal/math/FloatingDecimal$1
Event: 0.416 loading class jdk/internal/math/FloatingDecimal$1 done
Event: 0.416 loading class jdk/internal/math/FloatingDecimal$PreparedASCIIToBinaryBuffer
Event: 0.416 loading class jdk/internal/math/FloatingDecimal$ASCIIToBinaryConverter
Event: 0.416 loading class jdk/internal/math/FloatingDecimal$ASCIIToBinaryConverter done
Event: 0.416 loading class jdk/internal/math/FloatingDecimal$PreparedASCIIToBinaryBuffer done
Event: 0.417 loading class jdk/internal/math/FDBigInteger
Event: 0.417 loading class jdk/internal/math/FDBigInteger done
Event: 0.430 loading class java/lang/invoke/BoundMethodHandle$Species_LLLLLLLLLLI
Event: 0.430 loading class java/lang/invoke/BoundMethodHandle$Species_LLLLLLLLLLI done
Event: 0.431 loading class java/lang/invoke/BoundMethodHandle$Species_LLLLLLLLLLII
Event: 0.432 loading class java/lang/invoke/BoundMethodHandle$Species_LLLLLLLLLLII done


Dynamic libraries:
0x00007ffdffc95000 	/Library/Apple/usr/libexec/oah/runtime
0x00007fff35253000 	/System/Library/Frameworks/Cocoa.framework/Versions/A/Cocoa
0x00007fff220f8000 	/System/Library/Frameworks/Security.framework/Versions/A/Security
0x00007fff33450000 	/System/Library/Frameworks/ApplicationServices.framework/Versions/A/ApplicationServices
0x00007fff2a5a1000 	/usr/lib/libz.1.dylib
0x0000000109092000 	/Library/Java/JavaVirtualMachines/amazon-corretto-11.jdk/Contents/Home/lib/jli/libjli.dylib
0x00007fff2a66d000 	/usr/lib/libSystem.B.dylib
0x00007fff22b1f000 	/System/Library/Frameworks/AppKit.framework/Versions/C/AppKit
0x00007fff259dd000 	/System/Library/Frameworks/CoreData.framework/Versions/A/CoreData
0x00007fff2106b000 	/System/Library/Frameworks/Foundation.framework/Versions/C/Foundation
0x00007fff23882000 	/System/Library/PrivateFrameworks/UIFoundation.framework/Versions/A/UIFoundation
0x00007fff2fe2f000 	/System/Library/PrivateFrameworks/RemoteViewServices.framework/Versions/A/RemoteViewServices
0x00007fff28bb9000 	/System/Library/PrivateFrameworks/XCTTargetBootstrap.framework/Versions/A/XCTTargetBootstrap
0x00007fff2b90b000 	/usr/lib/libspindump.dylib
0x00007fff23ad7000 	/System/Library/Frameworks/UniformTypeIdentifiers.framework/Versions/A/UniformTypeIdentifiers
0x00007fff2738f000 	/usr/lib/libapp_launch_measurement.dylib
0x00007fff27392000 	/System/Library/PrivateFrameworks/CoreAutoLayout.framework/Versions/A/CoreAutoLayout
0x00007fff2851b000 	/System/Library/Frameworks/Metal.framework/Versions/A/Metal
0x00007fff29212000 	/usr/lib/liblangid.dylib
0x00007fff28bbd000 	/System/Library/PrivateFrameworks/CoreSVG.framework/Versions/A/CoreSVG
0x00007fff24abe000 	/System/Library/PrivateFrameworks/SkyLight.framework/Versions/A/SkyLight
0x00007fff24e25000 	/System/Library/Frameworks/CoreGraphics.framework/Versions/A/CoreGraphics
0x00007fff30486000 	/System/Library/Frameworks/Accelerate.framework/Versions/A/Accelerate
0x00007fff2b346000 	/System/Library/PrivateFrameworks/IconServices.framework/Versions/A/IconServices
0x00007fff28500000 	/System/Library/Frameworks/IOSurface.framework/Versions/A/IOSurface
0x00007fff2636f000 	/usr/lib/libDiagnosticMessagesClient.dylib
0x00007fff28ba5000 	/System/Library/PrivateFrameworks/DFRFoundation.framework/Versions/A/DFRFoundation
0x00007fff2244a000 	/usr/lib/libicucore.A.dylib
0x00007fff2ce50000 	/System/Library/Frameworks/AudioToolbox.framework/Versions/A/AudioToolbox
0x00007fff2c0f5000 	/System/Library/PrivateFrameworks/DataDetectorsCore.framework/Versions/A/DataDetectorsCore
0x00007fff288a5000 	/System/Library/Frameworks/Carbon.framework/Versions/A/Frameworks/HIToolbox.framework/Versions/A/HIToolbox
0x00007fff26dea000 	/System/Library/Frameworks/QuartzCore.framework/Versions/A/QuartzCore
0x00007fff2fe6b000 	/System/Library/Frameworks/Carbon.framework/Versions/A/Frameworks/SpeechRecognition.framework/Versions/A/SpeechRecognition
0x00007fff270f7000 	/System/Library/PrivateFrameworks/CoreUI.framework/Versions/A/CoreUI
0x00007fff21a53000 	/System/Library/Frameworks/CoreAudio.framework/Versions/A/CoreAudio
0x00007fff2645a000 	/System/Library/Frameworks/DiskArbitration.framework/Versions/A/DiskArbitration
0x00007fff2bd05000 	/System/Library/PrivateFrameworks/MultitouchSupport.framework/Versions/A/MultitouchSupport
0x00007fff2c0ec000 	/System/Library/PrivateFrameworks/InternationalSupport.framework/Versions/A/InternationalSupport
0x00007fff24a32000 	/usr/lib/libenergytrace.dylib
0x00007fff22a18000 	/System/Library/Frameworks/IOKit.framework/Versions/A/IOKit
0x00007fff301b8000 	/System/Library/Frameworks/CoreServices.framework/Versions/A/CoreServices
0x00007fff27325000 	/System/Library/PrivateFrameworks/PerformanceAnalysis.framework/Versions/A/PerformanceAnalysis
0x00007fff6cb2d000 	/System/Library/Frameworks/OpenGL.framework/Versions/A/OpenGL
0x00007fff2c171000 	/System/Library/PrivateFrameworks/UserActivity.framework/Versions/A/UserActivity
0x00007fff201a8000 	/usr/lib/libobjc.A.dylib
0x00007fff254df000 	/System/Library/Frameworks/ColorSync.framework/Versions/A/ColorSync
0x00007fff20389000 	/System/Library/Frameworks/CoreFoundation.framework/Versions/A/CoreFoundation
0x00007fff28e29000 	/System/Library/Frameworks/CoreImage.framework/Versions/A/CoreImage
0x00007fff2186a000 	/System/Library/Frameworks/CoreText.framework/Versions/A/CoreText
0x00007fff28be7000 	/System/Library/Frameworks/ImageIO.framework/Versions/A/ImageIO
0x00007fff2a673000 	/System/Library/PrivateFrameworks/SoftLinking.framework/Versions/A/SoftLinking
0x00007fff273db000 	/usr/lib/libxml2.2.dylib
0x00007fff2026e000 	/usr/lib/libc++.1.dylib
0x00007fff2a8e5000 	/usr/lib/libcompression.dylib
0x00007fff24a33000 	/usr/lib/libMobileGestalt.dylib
0x00007fff2c01f000 	/System/Library/PrivateFrameworks/TextureIO.framework/Versions/A/TextureIO
0x00007fff2afd3000 	/usr/lib/libate.dylib
0x00007fff2a667000 	/usr/lib/system/libcache.dylib
0x00007fff2a623000 	/usr/lib/system/libcommonCrypto.dylib
0x00007fff2a64d000 	/usr/lib/system/libcompiler_rt.dylib
0x00007fff2a642000 	/usr/lib/system/libcopyfile.dylib
0x00007fff20096000 	/usr/lib/system/libcorecrypto.dylib
0x00007fff20163000 	/usr/lib/system/libdispatch.dylib
0x00007fff20318000 	/usr/lib/system/libdyld.dylib
0x00007fff2a65e000 	/usr/lib/system/libkeymgr.dylib
0x00007fff2dc02000 	/usr/lib/system/liblaunch.dylib
0x00007fff2a601000 	/usr/lib/system/libmacho.dylib
0x00007fff29e16000 	/usr/lib/system/libquarantine.dylib
0x00007fff2a65b000 	/usr/lib/system/libremovefile.dylib
0x00007fff24a8f000 	/usr/lib/system/libsystem_asl.dylib
0x00007fff20046000 	/usr/lib/system/libsystem_blocks.dylib
0x00007fff201e5000 	/usr/lib/system/libsystem_c.dylib
0x00007fff2a655000 	/usr/lib/system/libsystem_collections.dylib
0x00007fff29203000 	/usr/lib/system/libsystem_configuration.dylib
0x00007fff284ef000 	/usr/lib/system/libsystem_containermanager.dylib
0x00007fff2a399000 	/usr/lib/system/libsystem_coreservices.dylib
0x00007fff226ac000 	/usr/lib/system/libsystem_darwin.dylib
0x00007fff2a65f000 	/usr/lib/system/libsystem_dnssd.dylib
0x00007fff201e2000 	/usr/lib/system/libsystem_featureflags.dylib
0x00007fff2035d000 	/usr/lib/system/libsystem_info.dylib
0x00007fff2a5b4000 	/usr/lib/system/libsystem_m.dylib
0x00007fff20136000 	/usr/lib/system/libsystem_malloc.dylib
0x00007fff24a23000 	/usr/lib/system/libsystem_networkextension.dylib
0x00007fff22ac7000 	/usr/lib/system/libsystem_notify.dylib
0x00007fff300b6000 	/usr/lib/system/libsystem_product_info_filter.dylib
0x00007fff29207000 	/usr/lib/system/libsystem_sandbox.dylib
0x00007fff2a658000 	/usr/lib/system/libsystem_secinit.dylib
0x00007fff202dd000 	/usr/lib/system/libsystem_kernel.dylib
0x00007fff20353000 	/usr/lib/system/libsystem_platform.dylib
0x00007fff2030c000 	/usr/lib/system/libsystem_pthread.dylib
0x00007fff261bd000 	/usr/lib/system/libsystem_symptoms.dylib
0x00007fff2007e000 	/usr/lib/system/libsystem_trace.dylib
0x00007fff2a62f000 	/usr/lib/system/libunwind.dylib
0x00007fff20048000 	/usr/lib/system/libxpc.dylib
0x00007fff202c4000 	/usr/lib/libc++abi.dylib
0x00007fff2a63a000 	/usr/lib/liboah.dylib
0x00007fff2acfe000 	/usr/lib/liblzma.5.dylib
0x00007fff20d7f000 	/System/Library/Frameworks/SystemConfiguration.framework/Versions/A/SystemConfiguration
0x00007fff2a66f000 	/usr/lib/libfakelink.dylib
0x00007fff24585000 	/System/Library/Frameworks/CFNetwork.framework/Versions/A/CFNetwork
0x00007fff2a7af000 	/usr/lib/libarchive.2.dylib
0x00007fff20dfd000 	/usr/lib/libCRFSuite.dylib
0x00007fff29e3d000 	/usr/lib/libbsm.0.dylib
0x00007fff23f41000 	/usr/lib/libnetwork.dylib
0x00007fff2a674000 	/usr/lib/libpcap.A.dylib
0x00007fff261b6000 	/usr/lib/libdns_services.dylib
0x00007fff2ad17000 	/usr/lib/libcoretls_cfhelpers.dylib
0x00007fff2a8b3000 	/usr/lib/libapple_nghttp2.dylib
0x00007fff2a607000 	/usr/lib/system/libkxld.dylib
0x00007fff25e24000 	/usr/lib/libsqlite3.dylib
0x00007fff2a37b000 	/System/Library/PrivateFrameworks/AppleFSCompression.framework/Versions/A/AppleFSCompression
0x00007fff29e25000 	/usr/lib/libcoretls.dylib
0x00007fff2a8e0000 	/usr/lib/libpam.2.dylib
0x00007fff2ae14000 	/usr/lib/libxar.1.dylib
0x00007fff2920e000 	/System/Library/PrivateFrameworks/AppleSystemInfo.framework/Versions/A/AppleSystemInfo
0x00007fff29a68000 	/System/Library/PrivateFrameworks/IOMobileFramebuffer.framework/Versions/A/IOMobileFramebuffer
0x00007fff2a38b000 	/usr/lib/libbz2.1.0.dylib
0x00007fff2a6ac000 	/usr/lib/libiconv.2.dylib
0x00007fff2a600000 	/usr/lib/libcharset.1.dylib
0x00007fff27361000 	/System/Library/Frameworks/CoreServices.framework/Versions/A/Frameworks/FSEvents.framework/Versions/A/FSEvents
0x00007fff226b6000 	/System/Library/Frameworks/CoreServices.framework/Versions/A/Frameworks/CarbonCore.framework/Versions/A/CarbonCore
0x00007fff263bf000 	/System/Library/Frameworks/CoreServices.framework/Versions/A/Frameworks/Metadata.framework/Versions/A/Metadata
0x00007fff2a39e000 	/System/Library/Frameworks/CoreServices.framework/Versions/A/Frameworks/OSServices.framework/Versions/A/OSServices
0x00007fff2a821000 	/System/Library/Frameworks/CoreServices.framework/Versions/A/Frameworks/SearchKit.framework/Versions/A/SearchKit
0x00007fff26140000 	/System/Library/Frameworks/CoreServices.framework/Versions/A/Frameworks/AE.framework/Versions/A/AE
0x00007fff20825000 	/System/Library/Frameworks/CoreServices.framework/Versions/A/Frameworks/LaunchServices.framework/Versions/A/LaunchServices
0x00007fff2acaf000 	/System/Library/Frameworks/CoreServices.framework/Versions/A/Frameworks/DictionaryServices.framework/Versions/A/DictionaryServices
0x00007fff2736a000 	/System/Library/Frameworks/CoreServices.framework/Versions/A/Frameworks/SharedFileList.framework/Versions/A/SharedFileList
0x00007fff29e19000 	/usr/lib/libCheckFix.dylib
0x00007fff24aa6000 	/System/Library/PrivateFrameworks/TCC.framework/Versions/A/TCC
0x00007fff29214000 	/System/Library/PrivateFrameworks/CoreNLP.framework/Versions/A/CoreNLP
0x00007fff26372000 	/System/Library/PrivateFrameworks/MetadataUtilities.framework/Versions/A/MetadataUtilities
0x00007fff20e33000 	/usr/lib/libmecabra.dylib
0x00007fff2a12d000 	/System/Library/Frameworks/MLCompute.framework/Versions/A/MLCompute
0x00007fff29e4e000 	/usr/lib/libmecab.dylib
0x00007fff29e98000 	/usr/lib/libgermantok.dylib
0x00007fff2a889000 	/usr/lib/libThaiTokenizer.dylib
0x00007fff2ae4f000 	/usr/lib/libChineseTokenizer.dylib
0x00007fff2a8de000 	/System/Library/Frameworks/MetalPerformanceShaders.framework/Versions/A/MetalPerformanceShaders
0x00007fff26461000 	/System/Library/Frameworks/Accelerate.framework/Versions/A/Frameworks/vImage.framework/Versions/A/vImage
0x00007fff30191000 	/System/Library/Frameworks/Accelerate.framework/Versions/A/Frameworks/vecLib.framework/Versions/A/vecLib
0x00007fff2ae5a000 	/System/Library/Frameworks/Accelerate.framework/Versions/A/Frameworks/vecLib.framework/Versions/A/libvMisc.dylib
0x00007fff298c4000 	/System/Library/Frameworks/Accelerate.framework/Versions/A/Frameworks/vecLib.framework/Versions/A/libvDSP.dylib
0x00007fff20b29000 	/System/Library/Frameworks/Accelerate.framework/Versions/A/Frameworks/vecLib.framework/Versions/A/libBLAS.dylib
0x00007fff2a904000 	/System/Library/Frameworks/Accelerate.framework/Versions/A/Frameworks/vecLib.framework/Versions/A/libLAPACK.dylib
0x00007fff29e9e000 	/System/Library/Frameworks/Accelerate.framework/Versions/A/Frameworks/vecLib.framework/Versions/A/libLinearAlgebra.dylib
0x00007fff2a8cb000 	/System/Library/Frameworks/Accelerate.framework/Versions/A/Frameworks/vecLib.framework/Versions/A/libSparseBLAS.dylib
0x00007fff2a8fe000 	/System/Library/Frameworks/Accelerate.framework/Versions/A/Frameworks/vecLib.framework/Versions/A/libQuadrature.dylib
0x00007fff292bc000 	/System/Library/Frameworks/Accelerate.framework/Versions/A/Frameworks/vecLib.framework/Versions/A/libBNNS.dylib
0x00007fff20d10000 	/System/Library/Frameworks/Accelerate.framework/Versions/A/Frameworks/vecLib.framework/Versions/A/libSparse.dylib
0x00007fff291a7000 	/System/Library/Frameworks/MetalPerformanceShaders.framework/Versions/A/Frameworks/MPSCore.framework/Versions/A/MPSCore
0x00007fff2a2ea000 	/System/Library/Frameworks/MetalPerformanceShaders.framework/Versions/A/Frameworks/MPSImage.framework/Versions/A/MPSImage
0x00007fff29eb5000 	/System/Library/Frameworks/MetalPerformanceShaders.framework/Versions/A/Frameworks/MPSNeuralNetwork.framework/Versions/A/MPSNeuralNetwork
0x00007fff2a275000 	/System/Library/Frameworks/MetalPerformanceShaders.framework/Versions/A/Frameworks/MPSMatrix.framework/Versions/A/MPSMatrix
0x00007fff2a0dd000 	/System/Library/Frameworks/MetalPerformanceShaders.framework/Versions/A/Frameworks/MPSRayIntersector.framework/Versions/A/MPSRayIntersector
0x00007fff2a2ac000 	/System/Library/Frameworks/MetalPerformanceShaders.framework/Versions/A/Frameworks/MPSNDArray.framework/Versions/A/MPSNDArray
0x00007fff20a55000 	/System/Library/PrivateFrameworks/MetalTools.framework/Versions/A/MetalTools
0x00007fff2920c000 	/System/Library/PrivateFrameworks/AggregateDictionary.framework/Versions/A/AggregateDictionary
0x00007fff2634a000 	/System/Library/PrivateFrameworks/CoreAnalytics.framework/Versions/A/CoreAnalytics
0x00007fff2a88b000 	/System/Library/PrivateFrameworks/AppleSauce.framework/Versions/A/AppleSauce
0x00007fff28512000 	/System/Library/PrivateFrameworks/IOAccelerator.framework/Versions/A/IOAccelerator
0x00007fff6cb21000 	/System/Library/Frameworks/OpenGL.framework/Versions/A/Libraries/libCoreFSCache.dylib
0x00007fff213cf000 	/System/Library/PrivateFrameworks/LanguageModeling.framework/Versions/A/LanguageModeling
0x00007fff29a55000 	/System/Library/PrivateFrameworks/CoreEmoji.framework/Versions/A/CoreEmoji
0x00007fff292b5000 	/System/Library/PrivateFrameworks/LinguisticData.framework/Versions/A/LinguisticData
0x00007fff20cc2000 	/System/Library/PrivateFrameworks/Lexicon.framework/Versions/A/Lexicon
0x00007fff2a79d000 	/usr/lib/libcmph.dylib
0x00007fff27341000 	/System/Library/Frameworks/OpenDirectory.framework/Versions/A/Frameworks/CFOpenDirectory.framework/Versions/A/CFOpenDirectory
0x00007fff27331000 	/System/Library/Frameworks/OpenDirectory.framework/Versions/A/OpenDirectory
0x00007fff2ad19000 	/System/Library/PrivateFrameworks/APFS.framework/Versions/A/APFS
0x00007fff29d7a000 	/System/Library/Frameworks/SecurityFoundation.framework/Versions/A/SecurityFoundation
0x00007fff2ae22000 	/usr/lib/libutil.dylib
0x00007fff229dd000 	/System/Library/PrivateFrameworks/CoreServicesStore.framework/Versions/A/CoreServicesStore
0x00007fff29e11000 	/System/Library/Frameworks/ServiceManagement.framework/Versions/A/ServiceManagement
0x00007fff2ae26000 	/usr/lib/libxslt.1.dylib
0x00007fff29e07000 	/System/Library/PrivateFrameworks/BackgroundTaskManagement.framework/Versions/A/BackgroundTaskManagement
0x00007fff2bf6a000 	/System/Library/Frameworks/ImageIO.framework/Versions/A/Resources/libRadiance.dylib
0x00007fff2bf73000 	/System/Library/Frameworks/ImageIO.framework/Versions/A/Resources/libJPEG.dylib
0x00007fff2bebf000 	/System/Library/Frameworks/ImageIO.framework/Versions/A/Resources/libPng.dylib
0x00007fff2bee6000 	/System/Library/Frameworks/ImageIO.framework/Versions/A/Resources/libTIFF.dylib
0x00007fff2bfc8000 	/System/Library/Frameworks/ImageIO.framework/Versions/A/Resources/libGIF.dylib
0x00007fff2bc23000 	/System/Library/Frameworks/ImageIO.framework/Versions/A/Resources/libJP2.dylib
0x00007fff2b30d000 	/usr/lib/libexpat.1.dylib
0x00007fff2bbd8000 	/System/Library/PrivateFrameworks/AppleJPEG.framework/Versions/A/AppleJPEG
0x00007fff28748000 	/System/Library/PrivateFrameworks/FontServices.framework/libFontParser.dylib
0x00007fff260f4000 	/System/Library/PrivateFrameworks/RunningBoardServices.framework/Versions/A/RunningBoardServices
0x00007fff2bd01000 	/System/Library/PrivateFrameworks/WatchdogClient.framework/Versions/A/WatchdogClient
0x00007fff214bc000 	/System/Library/Frameworks/CoreDisplay.framework/Versions/A/CoreDisplay
0x00007fff2865e000 	/System/Library/Frameworks/CoreMedia.framework/Versions/A/CoreMedia
0x00007fff274be000 	/System/Library/Frameworks/CoreVideo.framework/Versions/A/CoreVideo
0x00007fff2bd39000 	/System/Library/Frameworks/VideoToolbox.framework/Versions/A/VideoToolbox
0x00007fff26072000 	/System/Library/PrivateFrameworks/BaseBoard.framework/Versions/A/BaseBoard
0x00007fff2b452000 	/System/Library/PrivateFrameworks/PersistentConnection.framework/Versions/A/PersistentConnection
0x00007fff25e0d000 	/System/Library/PrivateFrameworks/ProtocolBuffer.framework/Versions/A/ProtocolBuffer
0x00007fff26059000 	/System/Library/PrivateFrameworks/CommonUtilities.framework/Versions/A/CommonUtilities
0x00007fff2bb6d000 	/System/Library/PrivateFrameworks/Bom.framework/Versions/A/Bom
0x00007fff2bf63000 	/System/Library/PrivateFrameworks/GPUWrangler.framework/Versions/A/GPUWrangler
0x00007fff2bf46000 	/System/Library/PrivateFrameworks/IOPresentment.framework/Versions/A/IOPresentment
0x00007fff2bf6d000 	/System/Library/PrivateFrameworks/DSExternalDisplay.framework/Versions/A/DSExternalDisplay
0x00007fff2bfcd000 	/System/Library/PrivateFrameworks/CMCaptureCore.framework/Versions/A/CMCaptureCore
0x00007fff2b8f2000 	/System/Library/PrivateFrameworks/AppServerSupport.framework/Versions/A/AppServerSupport
0x00007fff2d9a1000 	/System/Library/PrivateFrameworks/perfdata.framework/Versions/A/perfdata
0x00007fff29d69000 	/System/Library/PrivateFrameworks/AssertionServices.framework/Versions/A/AssertionServices
0x00007fff215f3000 	/System/Library/PrivateFrameworks/AudioToolboxCore.framework/Versions/A/AudioToolboxCore
0x00007fff28641000 	/System/Library/PrivateFrameworks/caulk.framework/Versions/A/caulk
0x00007fff3d64c000 	/System/Library/PrivateFrameworks/SystemPolicy.framework/Versions/A/SystemPolicy
0x00007fff2b102000 	/usr/lib/libIOReport.dylib
0x00007fff2d1c3000 	/usr/lib/libSMC.dylib
0x00007fff2be8c000 	/usr/lib/libAudioToolboxUtility.dylib
0x00007fff3dfb6000 	/usr/lib/libmis.dylib
0x00007fff6cb7d000 	/System/Library/Frameworks/OpenGL.framework/Versions/A/Libraries/libGLU.dylib
0x00007fff6cb40000 	/System/Library/Frameworks/OpenGL.framework/Versions/A/Libraries/libGFXShared.dylib
0x00007fff6cd4f000 	/System/Library/Frameworks/OpenGL.framework/Versions/A/Libraries/libGL.dylib
0x00007fff6cb49000 	/System/Library/Frameworks/OpenGL.framework/Versions/A/Libraries/libGLImage.dylib
0x00007fff6cb3d000 	/System/Library/Frameworks/OpenGL.framework/Versions/A/Libraries/libCVMSPluginSupport.dylib
0x00007fff6cb28000 	/System/Library/Frameworks/OpenGL.framework/Versions/A/Libraries/libCoreVMClient.dylib
0x00007fff6e190000 	/System/Library/Frameworks/OpenCL.framework/Versions/A/OpenCL
0x00007fff2b47c000 	/System/Library/PrivateFrameworks/GraphVisualizer.framework/Versions/A/GraphVisualizer
0x00007fff2b48b000 	/System/Library/PrivateFrameworks/FaceCore.framework/Versions/A/FaceCore
0x00007fff2b8a7000 	/System/Library/PrivateFrameworks/OTSVG.framework/Versions/A/OTSVG
0x00007fff270b5000 	/System/Library/Frameworks/ApplicationServices.framework/Versions/A/Frameworks/ATS.framework/Versions/A/Resources/libFontRegistry.dylib
0x00007fff2b8f9000 	/System/Library/PrivateFrameworks/FontServices.framework/libhvf.dylib
0x00007fff2b2b9000 	/System/Library/PrivateFrameworks/AppleVA.framework/Versions/A/AppleVA
0x00007fff2d00c000 	/System/Library/Frameworks/ApplicationServices.framework/Versions/A/Frameworks/ATS.framework/Versions/A/ATS
0x00007fff2d31e000 	/System/Library/Frameworks/ApplicationServices.framework/Versions/A/Frameworks/ColorSyncLegacy.framework/Versions/A/ColorSyncLegacy
0x00007fff255d6000 	/System/Library/Frameworks/ApplicationServices.framework/Versions/A/Frameworks/HIServices.framework/Versions/A/HIServices
0x00007fff2d303000 	/System/Library/Frameworks/ApplicationServices.framework/Versions/A/Frameworks/LangAnalysis.framework/Versions/A/LangAnalysis
0x00007fff2bfd7000 	/System/Library/Frameworks/ApplicationServices.framework/Versions/A/Frameworks/PrintCore.framework/Versions/A/PrintCore
0x00007fff2d326000 	/System/Library/Frameworks/ApplicationServices.framework/Versions/A/Frameworks/QD.framework/Versions/A/QD
0x00007fff2cffc000 	/System/Library/Frameworks/ApplicationServices.framework/Versions/A/Frameworks/SpeechSynthesis.framework/Versions/A/SpeechSynthesis
0x00007fff2bf98000 	/System/Library/Frameworks/ApplicationServices.framework/Versions/A/Frameworks/ATSUI.framework/Versions/A/ATSUI
0x00007fff2d2a3000 	/usr/lib/libcups.2.dylib
0x00007fff2d313000 	/System/Library/PrivateFrameworks/NetAuth.framework/Versions/A/NetAuth
0x00007fff2d9bd000 	/System/Library/Frameworks/Kerberos.framework/Versions/A/Kerberos
0x00007fff2d9cd000 	/System/Library/Frameworks/GSS.framework/Versions/A/GSS
0x00007fff2d078000 	/usr/lib/libresolv.9.dylib
0x00007fff2b90e000 	/System/Library/PrivateFrameworks/Heimdal.framework/Versions/A/Heimdal
0x00007fff33751000 	/System/Library/Frameworks/Kerberos.framework/Versions/A/Libraries/libHeimdalProxy.dylib
0x00007fff261c5000 	/System/Library/Frameworks/Network.framework/Versions/A/Network
0x00007fff2b327000 	/usr/lib/libheimdal-asn1.dylib
0x00007fff2da1d000 	/System/Library/PrivateFrameworks/CommonAuth.framework/Versions/A/CommonAuth
0x00007fff2750b000 	/System/Library/PrivateFrameworks/login.framework/Versions/A/Frameworks/loginsupport.framework/Versions/A/loginsupport
0x00007fff2cf81000 	/System/Library/PrivateFrameworks/AudioSession.framework/Versions/A/AudioSession
0x00007fff2cfe9000 	/usr/lib/libAudioStatistics.dylib
0x00007fff2b3b4000 	/System/Library/PrivateFrameworks/MediaExperience.framework/Versions/A/MediaExperience
0x00007fff2ce1e000 	/System/Library/PrivateFrameworks/AudioSession.framework/libSessionUtility.dylib
0x00007fff2d9ae000 	/usr/lib/libperfcheck.dylib
0x00007fff2d332000 	/System/Library/PrivateFrameworks/AudioResourceArbitration.framework/Versions/A/AudioResourceArbitration
0x00007fff2b331000 	/System/Library/PrivateFrameworks/IconFoundation.framework/Versions/A/IconFoundation
0x00007fff2fe5b000 	/System/Library/PrivateFrameworks/SpeechRecognitionCore.framework/Versions/A/SpeechRecognitionCore
0x000000010d800000 	/Library/Java/JavaVirtualMachines/amazon-corretto-11.jdk/Contents/Home/lib/server/libjvm.dylib
0x00000001090ff000 	/Library/Java/JavaVirtualMachines/amazon-corretto-11.jdk/Contents/Home/lib/libverify.dylib
0x0000000109179000 	/Library/Java/JavaVirtualMachines/amazon-corretto-11.jdk/Contents/Home/lib/libjava.dylib
0x00000001091dd000 	/Library/Java/JavaVirtualMachines/amazon-corretto-11.jdk/Contents/Home/lib/libjimage.dylib
0x00000001091f6000 	/Library/Java/JavaVirtualMachines/amazon-corretto-11.jdk/Contents/Home/lib/libinstrument.dylib
0x000000010925b000 	/Library/Java/JavaVirtualMachines/amazon-corretto-11.jdk/Contents/Home/lib/libzip.dylib
0x0000000109732000 	/Library/Java/JavaVirtualMachines/amazon-corretto-11.jdk/Contents/Home/lib/libnio.dylib
0x000000010975d000 	/Library/Java/JavaVirtualMachines/amazon-corretto-11.jdk/Contents/Home/lib/libnet.dylib
0x000000010914d000 	/Library/Java/JavaVirtualMachines/amazon-corretto-11.jdk/Contents/Home/lib/libextnet.dylib


VM Arguments:
jvm_args: -javaagent:/Applications/IntelliJ IDEA.app/Contents/lib/idea_rt.jar=59141:/Applications/IntelliJ IDEA.app/Contents/bin -Dfile.encoding=UTF-8 
java_command: com.company.Main
java_class_path (initial): /Users/hanna-liisavilms/Desktop/Java/MethodOverloading/out/production/MethodOverloading
Launcher Type: SUN_STANDARD

[Global flags]
     intx CICompilerCount                          = 4                                         {product} {ergonomic}
     uint ConcGCThreads                            = 2                                         {product} {ergonomic}
     uint G1ConcRefinementThreads                  = 8                                         {product} {ergonomic}
   size_t G1HeapRegionSize                         = 1048576                                   {product} {ergonomic}
    uintx GCDrainStackTargetSize                   = 64                                        {product} {ergonomic}
   size_t InitialHeapSize                          = 134217728                                 {product} {ergonomic}
   size_t MarkStackSize                            = 4194304                                   {product} {ergonomic}
   size_t MaxHeapSize                              = 2147483648                                {product} {ergonomic}
   size_t MaxNewSize                               = 1287651328                                {product} {ergonomic}
   size_t MinHeapDeltaBytes                        = 1048576                                   {product} {ergonomic}
    uintx NonNMethodCodeHeapSize                   = 5836300                                {pd product} {ergonomic}
    uintx NonProfiledCodeHeapSize                  = 122910970                              {pd product} {ergonomic}
    uintx ProfiledCodeHeapSize                     = 122910970                              {pd product} {ergonomic}
    uintx ReservedCodeCacheSize                    = 251658240                              {pd product} {ergonomic}
     bool SegmentedCodeCache                       = true                                      {product} {ergonomic}
     bool UseCompressedClassPointers               = true                                 {lp64_product} {ergonomic}
     bool UseCompressedOops                        = true                                 {lp64_product} {ergonomic}
     bool UseG1GC                                  = true                                      {product} {ergonomic}

Logging:
Log output configuration:
 #0: stdout all=warning uptime,level,tags
 #1: stderr all=off uptime,level,tags

Environment Variables:
PATH=/usr/local/bin:/usr/bin:/bin:/usr/sbin:/sbin
SHELL=/bin/zsh
LC_CTYPE=en_US.UTF-8

Signal Handlers:
SIGSEGV: [libjvm.dylib+0x7d4852], sa_mask[0]=11111111111111111111111111111111, sa_flags=SA_ONSTACK|SA_RESTART|SA_SIGINFO
SIGBUS: [libjvm.dylib+0x7d4852], sa_mask[0]=11111111111111111111111111111111, sa_flags=SA_RESTART|SA_SIGINFO
SIGFPE: [libjvm.dylib+0x7d4852], sa_mask[0]=11111111111111111111111111111111, sa_flags=SA_RESTART|SA_SIGINFO
SIGPIPE: [libjvm.dylib+0x62c2fc], sa_mask[0]=11111111111111111111111111111111, sa_flags=SA_RESTART|SA_SIGINFO
SIGXFSZ: [libjvm.dylib+0x62c2fc], sa_mask[0]=11111111111111111111111111111111, sa_flags=SA_RESTART|SA_SIGINFO
SIGILL: [libjvm.dylib+0x7d4852], sa_mask[0]=11111111111111111111111111111111, sa_flags=SA_RESTART|SA_SIGINFO
SIGUSR2: [libjvm.dylib+0x62c8fa], sa_mask[0]=00100000000000000000000000000000, sa_flags=SA_RESTART|SA_SIGINFO
SIGHUP: [libjvm.dylib+0x62b3d7], sa_mask[0]=11111111111111111111111111111111, sa_flags=SA_RESTART|SA_SIGINFO
SIGINT: [libjvm.dylib+0x62b3d7], sa_mask[0]=11111111111111111111111111111111, sa_flags=SA_RESTART|SA_SIGINFO
SIGTERM: [libjvm.dylib+0x62b3d7], sa_mask[0]=11111111111111111111111111111111, sa_flags=SA_RESTART|SA_SIGINFO
SIGQUIT: [libjvm.dylib+0x62b3d7], sa_mask[0]=11111111111111111111111111111111, sa_flags=SA_RESTART|SA_SIGINFO


---------------  S Y S T E M  ---------------

OS:uname:Darwin 20.3.0 Darwin Kernel Version 20.3.0: Thu Jan 21 00:06:51 PST 2021; root:xnu-7195.81.3~1/RELEASE_ARM64_T8101 x86_64
OS uptime: 0 days 20:10 hours
rlimit (soft/hard): STACK 8176k/65520k , CORE 0k/infinity , NPROC 1333/2000 , NOFILE 10240/infinity , AS infinity/infinity , CPU infinity/infinity , DATA infinity/infinity , FSIZE infinity/infinity , MEMLOCK infinity/infinity , RSS infinity/infinity
load average:1.53 1.62 1.61

CPU:total 8 (initial active 8) (1 cores per cpu, 1 threads per core) family 6 model 44 stepping 0 microcode 0x0, cmov, cx8, fxsr, mmx, sse, sse2, sse3, ssse3, sse4.1, sse4.2, popcnt, aes, clmul, tsc, tscinvbit, tscinv

Memory: 4k page, physical 8388608k(210544k free), swap 5242880k(650240k free)

vm_info: OpenJDK 64-Bit Server VM (11.0.10+9-LTS) for bsd-amd64 JRE (11.0.10+9-LTS), built on Jan 15 2021 11:29:35 by "corretto" with gcc 4.2.1 Compatible Apple LLVM 8.0.0 (clang-800.0.42.1)

END.
